<?xml version="1.0" encoding="UTF-8"?>
<!-- Generated by org.testng.reporters.JUnitReportReporter -->
<testsuite hostname="anton-stanev" name="TestNGDDT" tests="5" failures="0" timestamp="1 Aug 2014 07:54:06 GMT" time="5.849" errors="0">
  <testcase name="testBMICalculator" time="2.064" classname="TestNGDDT"/>
  <testcase name="testBMICalculator" time="0.792" classname="TestNGDDT"/>
  <testcase name="testBMICalculator" time="0.853" classname="TestNGDDT"/>
  <testcase name="testBMICalculator" time="1.321" classname="TestNGDDT"/>
  <testcase name="testBMICalculator" time="0.819" classname="TestNGDDT"/>
</testsuite> <!-- TestNGDDT -->
