<?xml version="1.0" encoding="UTF-8"?>
<!-- Generated by org.testng.reporters.JUnitReportReporter -->
<testsuite hostname="Strahinski-PC" name="SimpleTest" tests="1" failures="0" timestamp="10 Feb 2014 21:45:37 GMT" time="3.330" errors="0">
  <testcase name="test" time="3.330" classname="SimpleTest"/>
</testsuite> <!-- SimpleTest -->
